<?xml version="1.0" encoding="utf-8"?><testsuites name="pytest tests"><testsuite name="pytest" errors="0" failures="1" skipped="0" tests="18" time="3.297" timestamp="2026-02-02T20:47:41.108632+00:00" hostname="agent-env-5da6a317-2a6d-4b59-9693-1919d8ba3aef"><testcase classname="backend.tests.test_settings_integrations.TestIntegrationStatus" name="test_resend_integration_status" time="0.076" /><testcase classname="backend.tests.test_settings_integrations.TestIntegrationStatus" name="test_brevo_integration_status" time="0.739" /><testcase classname="backend.tests.test_settings_integrations.TestIntegrationStatus" name="test_google_integration_status" time="0.047" /><testcase classname="backend.tests.test_settings_integrations.TestSettings" name="test_get_default_settings" time="0.040" /><testcase classname="backend.tests.test_settings_integrations.TestSettings" name="test_save_settings" time="0.097" /><testcase classname="backend.tests.test_settings_integrations.TestSettings" name="test_restore_default_settings" time="0.036" /><testcase classname="backend.tests.test_settings_integrations.TestInlineProposalEditing" name="test_patch_proposal_client_name" time="0.187" /><testcase classname="backend.tests.test_settings_integrations.TestInlineProposalEditing" name="test_patch_proposal_budget_and_timeline" time="0.120" /><testcase classname="backend.tests.test_settings_integrations.TestInlineProposalEditing" name="test_patch_proposal_status" time="0.259" /><testcase classname="backend.tests.test_settings_integrations.TestInlineProposalEditing" name="test_patch_proposal_deal_value" time="0.110" /><testcase classname="backend.tests.test_settings_integrations.TestInlineProposalEditing" name="test_patch_proposal_accepted_sets_accepted_at" time="0.153" /><testcase classname="backend.tests.test_settings_integrations.TestInlineProposalEditing" name="test_patch_nonexistent_proposal" time="0.036" /><testcase classname="backend.tests.test_settings_integrations.TestDashboardStats" name="test_stats_endpoint" time="0.038" /><testcase classname="backend.tests.test_settings_integrations.TestBrevoEndpoints" name="test_brevo_opportunities_endpoint" time="0.840" /><testcase classname="backend.tests.test_settings_integrations.TestBrevoEndpoints" name="test_brevo_pending_deals_endpoint" time="0.037" /><testcase classname="backend.tests.test_settings_integrations.TestEmailSending" name="test_send_email_missing_recipient" time="0.151" /><testcase classname="backend.tests.test_settings_integrations.TestEmailSending" name="test_send_email_invalid_proposal" time="0.048"><failure message="assert 520 == 404&#10; +  where 520 = &lt;Response [520]&gt;.status_code">backend/tests/test_settings_integrations.py:284: in test_send_email_invalid_proposal
    assert response.status_code == 404
E   assert 520 == 404
E    +  where 520 = &lt;Response [520]&gt;.status_code</failure></testcase><testcase classname="backend.tests.test_settings_integrations.TestEmailSending" name="test_email_logs_endpoint" time="0.194" /></testsuite></testsuites>