<?xml version="1.0" encoding="utf-8"?><testsuites name="pytest tests"><testsuite name="pytest" errors="0" failures="0" skipped="0" tests="18" time="2.940" timestamp="2026-02-02T20:51:05.486823+00:00" hostname="agent-env-5da6a317-2a6d-4b59-9693-1919d8ba3aef"><testcase classname="backend.tests.test_settings_integrations.TestIntegrationStatus" name="test_resend_integration_status" time="0.045" /><testcase classname="backend.tests.test_settings_integrations.TestIntegrationStatus" name="test_brevo_integration_status" time="0.609" /><testcase classname="backend.tests.test_settings_integrations.TestIntegrationStatus" name="test_google_integration_status" time="0.039" /><testcase classname="backend.tests.test_settings_integrations.TestSettings" name="test_get_default_settings" time="0.046" /><testcase classname="backend.tests.test_settings_integrations.TestSettings" name="test_save_settings" time="0.121" /><testcase classname="backend.tests.test_settings_integrations.TestSettings" name="test_restore_default_settings" time="0.043" /><testcase classname="backend.tests.test_settings_integrations.TestInlineProposalEditing" name="test_patch_proposal_client_name" time="0.195" /><testcase classname="backend.tests.test_settings_integrations.TestInlineProposalEditing" name="test_patch_proposal_budget_and_timeline" time="0.117" /><testcase classname="backend.tests.test_settings_integrations.TestInlineProposalEditing" name="test_patch_proposal_status" time="0.278" /><testcase classname="backend.tests.test_settings_integrations.TestInlineProposalEditing" name="test_patch_proposal_deal_value" time="0.196" /><testcase classname="backend.tests.test_settings_integrations.TestInlineProposalEditing" name="test_patch_proposal_accepted_sets_accepted_at" time="0.111" /><testcase classname="backend.tests.test_settings_integrations.TestInlineProposalEditing" name="test_patch_nonexistent_proposal" time="0.037" /><testcase classname="backend.tests.test_settings_integrations.TestDashboardStats" name="test_stats_endpoint" time="0.038" /><testcase classname="backend.tests.test_settings_integrations.TestBrevoEndpoints" name="test_brevo_opportunities_endpoint" time="0.601" /><testcase classname="backend.tests.test_settings_integrations.TestBrevoEndpoints" name="test_brevo_pending_deals_endpoint" time="0.040" /><testcase classname="backend.tests.test_settings_integrations.TestEmailSending" name="test_send_email_missing_recipient" time="0.153" /><testcase classname="backend.tests.test_settings_integrations.TestEmailSending" name="test_send_email_invalid_proposal" time="0.040" /><testcase classname="backend.tests.test_settings_integrations.TestEmailSending" name="test_email_logs_endpoint" time="0.148" /></testsuite></testsuites>